\BOOKMARK [0][-]{chapter.2}{\376\377\0001\000\040\000I\000n\000t\000r\000o\000d\000u\000z\000i\000o\000n\000e}{}% 1
\BOOKMARK [1][-]{section.3}{\376\377\0001\000.\0001\000\040\000F\000a\000s\000i\000\040\000d\000i\000\040\000l\000a\000v\000o\000r\000o}{chapter.2}% 2
\BOOKMARK [0][-]{chapter.5}{\376\377\0002\000\040\000A\000n\000a\000l\000i\000s\000i}{}% 3
\BOOKMARK [1][-]{section.6}{\376\377\0002\000.\0001\000\040\000I\000l\000\040\000m\000o\000d\000e\000l\000l\000o\000\040\000s\000e\000m\000p\000l\000i\000f\000i\000c\000a\000t\000o\000\040\000d\000e\000l\000\040\000M\000O\000S}{chapter.5}% 4
\BOOKMARK [1][-]{section.13}{\376\377\0002\000.\0002\000\040\000L\000a\000\040\000c\000a\000r\000a\000t\000t\000e\000r\000i\000s\000t\000i\000c\000a\000\040\000r\000e\000a\000l\000e\000\040\000d\000e\000l\000\040\000M\000O\000S}{chapter.5}% 5
\BOOKMARK [1][-]{section.14}{\376\377\0002\000.\0003\000\040\000F\000u\000n\000z\000i\000o\000n\000a\000m\000e\000n\000t\000o\000\040\000d\000i\000n\000a\000m\000i\000c\000o\000\040\000d\000e\000i\000\040\000c\000i\000r\000c\000u\000i\000t\000i\000\040\000C\000M\000O\000S}{chapter.5}% 6
\BOOKMARK [1][-]{section.25}{\376\377\0002\000.\0004\000\040\000I\000l\000\040\000F\000u\000l\000l\000\040\000A\000d\000d\000e\000r\000\040\000T\000S\000P\000C}{chapter.5}% 7
\BOOKMARK [0][-]{chapter.28}{\376\377\0003\000\040\000P\000r\000o\000g\000e\000t\000t\000a\000z\000i\000o\000n\000e\000\040\000c\000i\000r\000c\000u\000i\000t\000a\000l\000e}{}% 8
\BOOKMARK [1][-]{section.29}{\376\377\0003\000.\0001\000\040\000S\000c\000h\000e\000m\000a\000\040\000c\000o\000m\000p\000l\000e\000t\000o}{chapter.28}% 9
\BOOKMARK [1][-]{section.31}{\376\377\0003\000.\0002\000\040\000D\000i\000m\000e\000n\000s\000i\000o\000n\000a\000m\000e\000n\000t\000o\000\040\000d\000i\000\040\000m\000a\000s\000s\000i\000m\000a}{chapter.28}% 10
\BOOKMARK [2][-]{subsection.32}{\376\377\0003\000.\0002\000.\0001\000\040\000V\000i\000n\000c\000o\000l\000i\000\040\000t\000e\000m\000p\000o\000r\000a\000l\000i\000\040\000e\000\040\000i\000n\000v\000e\000r\000t\000e\000r\000\040\000e\000q\000u\000i\000v\000a\000l\000e\000n\000t\000e}{section.31}% 11
\BOOKMARK [2][-]{subsection.34}{\376\377\0003\000.\0002\000.\0002\000\040\000D\000a\000l\000l\000'\000i\000n\000v\000e\000r\000t\000e\000r\000\040\000e\000q\000u\000i\000v\000a\000l\000e\000n\000t\000e\000\040\000a\000l\000l\000e\000\040\000d\000i\000m\000e\000n\000s\000i\000o\000n\000i\000\040\000d\000e\000i\000\040\000M\000O\000S}{section.31}% 12
\BOOKMARK [2][-]{subsection.38}{\376\377\0003\000.\0002\000.\0003\000\040\000D\000i\000m\000e\000n\000s\000i\000o\000n\000i\000\040\000g\000e\000o\000m\000e\000t\000r\000i\000c\000h\000e\000\040\000d\000e\000i\000\040\000M\000O\000S\000:\000\040\000r\000i\000s\000u\000l\000t\000a\000t\000i\000\040\000d\000i\000\040\000M\000A\000T\000L\000A\000B}{section.31}% 13
\BOOKMARK [2][-]{subsection.40}{\376\377\0003\000.\0002\000.\0004\000\040\000P\000r\000i\000m\000a\000\040\000s\000i\000m\000u\000l\000a\000z\000i\000o\000n\000e\000\040\000p\000r\000e\000-\000l\000a\000y\000o\000u\000t}{section.31}% 14
\BOOKMARK [1][-]{section.43}{\376\377\0003\000.\0003\000\040\000F\000i\000t\000t\000i\000n\000g\000\040\000d\000e\000i\000\040\000p\000a\000r\000a\000m\000e\000t\000r\000i\000:\000\040\000d\000i\000m\000e\000n\000s\000i\000o\000n\000i\000\040\000d\000e\000f\000i\000n\000i\000t\000i\000v\000e}{chapter.28}% 15
\BOOKMARK [2][-]{subsection.45}{\376\377\0003\000.\0003\000.\0001\000\040\000S\000i\000m\000u\000l\000a\000z\000i\000o\000n\000e\000\040\000p\000r\000e\000-\000l\000a\000y\000o\000u\000t\000\040\000s\000o\000d\000d\000i\000s\000f\000a\000c\000e\000n\000t\000e}{section.43}% 16
\BOOKMARK [0][-]{chapter.47}{\376\377\0004\000\040\000L\000a\000y\000o\000u\000t}{}% 17
\BOOKMARK [1][-]{section.49}{\376\377\0004\000.\0001\000\040\000D\000i\000s\000e\000g\000n\000o\000\040\000d\000e\000i\000\040\000s\000i\000n\000g\000o\000l\000i\000\040\000s\000t\000a\000d\000i}{chapter.47}% 18
\BOOKMARK [2][-]{subsection.50}{\376\377\0004\000.\0001\000.\0001\000\040\000S\000t\000a\000d\000i\000o\000\040\0001}{section.49}% 19
\BOOKMARK [1][-]{section.54}{\376\377\0004\000.\0002\000\040\000F\000u\000l\000l\000\040\000d\000e\000s\000i\000g\000n}{chapter.47}% 20
\BOOKMARK [0][-]{chapter.55}{\376\377\0005\000\040\000C\000o\000n\000c\000l\000u\000s\000i\000o\000n\000i\000\040\000f\000i\000n\000a\000l\000i}{}% 21
