
**** 07/07/17 14:55:33 *********** Evaluation PSpice (Nov 1999) **************

 * D:\INGEGNERIA\Microelectronics\iBacchi\Microelectronics Mod. B - Valle\pMOSCaratt\MOSpR0.sch


 ****     CIRCUIT DESCRIPTION


******************************************************************************




* Schematics Version 9.1 - Web Update 1
* Fri Jul 07 14:55:30 2017



** Analysis setup **
.DC LIN V_Vds 0 3.3V 0.01V 
+ LIN V_Vgs 0 3.3V 0.2 
.OP 
.LIB "MOSp.lib"


* From [PSPICE NETLIST] section of pspiceev.ini:
.lib "nom.lib"
.lib "C:\Program Files\OrCAD_Demo\Capture\Library\Pspice\uwind.lib"

.INC "MOSpR0.net"

**** INCLUDING MOSpR0.net ****
* Schematics Netlist *



M_P1         0 $N_0001 $N_0002 $N_0002 MODP  
+ L=1.4u  
+ W=1.4u         
V_Vds         $N_0002 0 0V
V_Vgs         $N_0002 $N_0001 1.01V

**** RESUMING MOSpR0.cir ****
.INC "MOSpR0.als"



**** INCLUDING MOSpR0.als ****
* Schematics Aliases *

.ALIASES
M_P1            P1(d=0 g=$N_0001 s=$N_0002 b=$N_0002 )
V_Vds           Vds(+=$N_0002 -=0 )
V_Vgs           Vgs(+=$N_0002 -=$N_0001 )
.ENDALIASES


**** RESUMING MOSpR0.cir ****
.probe


.END

WARNING -- Mosfet M_P1, model MODP: Pd = 0 is less than W
WARNING -- Mosfet M_P1, model MODP: Ps = 0 is less than W
**** 07/07/17 14:55:33 *********** Evaluation PSpice (Nov 1999) **************

 * D:\INGEGNERIA\Microelectronics\iBacchi\Microelectronics Mod. B - Valle\pMOSCaratt\MOSpR0.sch


 ****     MOSFET MODEL PARAMETERS


******************************************************************************




               MODP            
               PMOS            
  T_Measured   27            
   T_Current   27            
       LEVEL    7            
           L  100.000000E-06 
           W  100.000000E-06 
         VTO    -.6915       
          KP  267.202200E-06 
       GAMMA    0            
      LAMBDA    0            
         RSH  129            
          IS    0            
          JS  280.000000E-09 
        JSSW  370.000000E-15 
          PB    1            
        PBSW    1.02         
          CJ    1.360000E-03 
        CJSW  350.000000E-12 
          MJ     .54         
        MJSW     .46         
          FC    0            
        CGSO   86.000000E-12 
        CGDO   86.000000E-12 
        CGBO  110.000000E-12 
         TOX    7.754000E-09 
          XJ  150.000000E-09 
       UCRIT   10.000000E+03 
       DELTA     .01         
          KF   11.910000E-27 
          AF    1.461        
        NLEV    0            
      DIOMOD    2            
          K1     .59959      
          K2    -.06038      
        LETA    0            
        WETA    0            
          U0  148.2          
       XPART    1            
        VTH0    -.6915       
          K3   11.03         
          W0  100.000000E-12 
         NLX  177.000000E-09 
        DVT0    1.65         
        DVT1     .3868       
          UA  539.400000E-12 
          UB    1.053000E-18 
          UC   10.000000E-21 
        VSAT  115.800000E+03 
        RDSW    1.033000E+03 
        VOFF    -.117        
     NFACTOR    1.214        
        CDSC    2.589000E-03 
        PCLM    3.184        
      PDIBL1  100.000000E-06 
      PDIBL2   10.000000E-21 
       DROUT     .5          
      PSCBE1  :00.000000E+27 
      PSCBE2    1.000000E-06 
          A0     .585        
          A1    0            
          A2    1            
       NPEAK   92.400000E+15 
         LDD    0            
        LITL   59.070300E-09 
         KT1    -.5403       
         UA1    0            
         UB1    0            
         UC1    0            
        KETA    -.0144       
        ETA0     .248        
        ETAB   -3.917000E-03 
         K3B    -.758        
        DVT2     .01659      
       CDSCB  294.300000E-06 
        DSUB     .5          
         UTE   -1.3          
      NOIMOD    3            
       CDSCD  437.000000E-06 
         AGS     .2468       
       DVT0W     .1879       
       DVT1W   73.350000E+03 
       DVT2W   -6.312000E-03 
        PRWG     .1477       
        PRWB    -.09731      
     PDIBLCB    1            
          B0   88.320000E-09 
      ALPHA0    1.000000E-09 
       BETA0   32.5          
        CGSL  108.000000E-12 
        CGDL  108.000000E-12 
         CLC    1.000000E-15 
        LINT  -71.300000E-09 
        WINT   34.490000E-09 
          WW  189.400000E-18 
         WWN    1.04         
         WWL   -1.981000E-21 
         DLC   24.500000E-09 
         DWC   34.490000E-09 
          CF    0            
        NOIA  524.500000E+15 
        NOIB    4.816000E+03 
        NOIC  803.600000E-15 
         VTM     .025864     
     VERSION    3.24         
         XTI    1.973        
       PBSWG    1.02         
       MJSWG     .46         
       CJSWG  350.000000E-12 
       JTSCD  280.000000E-09 
      JSTSCD  370.000000E-15 
      ALPHA1    1.5          


WARNING -- Mosfet M_P1, model MODP: Pd = 0 is less than W
WARNING -- Mosfet M_P1, model MODP: Ps = 0 is less than W
**** 07/07/17 14:55:33 *********** Evaluation PSpice (Nov 1999) **************

 * D:\INGEGNERIA\Microelectronics\iBacchi\Microelectronics Mod. B - Valle\pMOSCaratt\MOSpR0.sch


 ****     SMALL SIGNAL BIAS SOLUTION       TEMPERATURE =   27.000 DEG C


******************************************************************************



 NODE   VOLTAGE     NODE   VOLTAGE     NODE   VOLTAGE     NODE   VOLTAGE


($N_0001)   -1.0100                   ($N_0002)    0.0000                   




    VOLTAGE SOURCE CURRENTS
    NAME         CURRENT

    V_Vds        0.000E+00
    V_Vgs        0.000E+00

    TOTAL POWER DISSIPATION   0.00E+00  WATTS


**** 07/07/17 14:55:33 *********** Evaluation PSpice (Nov 1999) **************

 * D:\INGEGNERIA\Microelectronics\iBacchi\Microelectronics Mod. B - Valle\pMOSCaratt\MOSpR0.sch


 ****     OPERATING POINT INFORMATION      TEMPERATURE =   27.000 DEG C


******************************************************************************






**** MOSFETS


NAME         M_P1      
MODEL        MODP      
ID           0.00E+00 
VGS         -1.01E+00 
VDS          0.00E+00 
VBS          0.00E+00 
VTH         -7.62E-01 
VDSAT       -2.51E-01 
Lin0/Sat1   -1.00E+00 
if          -1.00E+00 
ir          -1.00E+00 
TAU         -1.00E+00 
GM           0.00E+00 
GDS          1.14E-05 
GMB          0.00E+00 
CBD          0.00E+00 
CBS          0.00E+00 
CGSOV        1.20E-16 
CGDOV        1.20E-16 
CGBOV        1.54E-16 
 Derivatives of gate (dQg/dVxy) and bulk (dQb/dVxy) charges
DQGDVGB      8.72E-15 
DQGDVDB     -3.92E-15 
DQGDVSB     -4.11E-15 
DQDDVGB     -4.27E-15 
DQDDVDB      6.79E-15 
DQDDVSB     -1.45E-15 
DQBDVGB     -1.76E-16 
DQBDVDB     -6.94E-16 
DQBDVSB     -1.97E-15 

          JOB CONCLUDED

          TOTAL JOB TIME             .22
