
**** 07/06/17 11:25:38 *********** Evaluation PSpice (Nov 1999) **************

 * C:\Users\emanu\Documents\A_UNIVERSITA\iBacchi\Microelectronics Mod. B - Valle\nMOSCaratt\nMosCaratt.sch


 ****     CIRCUIT DESCRIPTION


******************************************************************************




* Schematics Version 9.1 - Web Update 1
* Thu Jul 06 11:22:47 2017



** Analysis setup **
.DC LIN V_Vds 0 3.3 0.01 
.OP 
.LIB "D:\INGEGNERIA\Microelectronics\VALLE\nMOSCaratt\nMosCaratt.lib"


* From [PSPICE NETLIST] section of pspiceev.ini:
---------------------------------------------------------------------$
ERROR -- Can't find library
.lib "nom.lib"

.INC "nMosCaratt.net"

**** INCLUDING nMosCaratt.net ****
* Schematics Netlist *



M_M1         $N_0002 $N_0001 0 0 MODN  
+ L=1.4u  
+ W=1.4u         
V_Vds         $N_0002 0 0V
V_Vgs         $N_0001 0 1v

**** RESUMING nMosCaratt.cir ****
.INC "nMosCaratt.als"



**** INCLUDING nMosCaratt.als ****
* Schematics Aliases *

.ALIASES
M_M1            M1(d=$N_0002 g=$N_0001 s=0 b=0 )
V_Vds           Vds(+=$N_0002 -=0 )
V_Vgs           Vgs(+=$N_0001 -=0 )
.ENDALIASES


**** RESUMING nMosCaratt.cir ****
.probe


.END
